<?xml version="1.0" encoding="UTF-8"?>
<testsuite name="architectureSoftware.InfoUniSubServiceApplicationTests" tests="1" skipped="0" failures="0" errors="0" timestamp="2017-06-22T08:59:42" hostname="MacBook-Pro-di-valerio.local" time="0.039">
  <properties/>
  <testcase name="contextLoads" classname="architectureSoftware.InfoUniSubServiceApplicationTests" time="0.039"/>
  <system-out><![CDATA[10:59:25.373 [Test worker] DEBUG org.springframework.test.context.junit4.SpringJUnit4ClassRunner - SpringJUnit4ClassRunner constructor called with [class architectureSoftware.InfoUniSubServiceApplicationTests]
10:59:25.378 [Test worker] DEBUG org.springframework.test.context.BootstrapUtils - Instantiating CacheAwareContextLoaderDelegate from class [org.springframework.test.context.cache.DefaultCacheAwareContextLoaderDelegate]
10:59:25.385 [Test worker] DEBUG org.springframework.test.context.BootstrapUtils - Instantiating BootstrapContext using constructor [public org.springframework.test.context.support.DefaultBootstrapContext(java.lang.Class,org.springframework.test.context.CacheAwareContextLoaderDelegate)]
10:59:25.403 [Test worker] DEBUG org.springframework.test.context.BootstrapUtils - Instantiating TestContextBootstrapper for test class [architectureSoftware.InfoUniSubServiceApplicationTests] from class [org.springframework.boot.test.context.SpringBootTestContextBootstrapper]
10:59:25.425 [Test worker] INFO org.springframework.boot.test.context.SpringBootTestContextBootstrapper - Neither @ContextConfiguration nor @ContextHierarchy found for test class [architectureSoftware.InfoUniSubServiceApplicationTests], using SpringBootContextLoader
10:59:25.429 [Test worker] DEBUG org.springframework.test.context.support.AbstractContextLoader - Did not detect default resource location for test class [architectureSoftware.InfoUniSubServiceApplicationTests]: class path resource [architectureSoftware/InfoUniSubServiceApplicationTests-context.xml] does not exist
10:59:25.430 [Test worker] DEBUG org.springframework.test.context.support.AbstractContextLoader - Did not detect default resource location for test class [architectureSoftware.InfoUniSubServiceApplicationTests]: class path resource [architectureSoftware/InfoUniSubServiceApplicationTestsContext.groovy] does not exist
10:59:25.430 [Test worker] INFO org.springframework.test.context.support.AbstractContextLoader - Could not detect default resource locations for test class [architectureSoftware.InfoUniSubServiceApplicationTests]: no resource found for suffixes {-context.xml, Context.groovy}.
10:59:25.431 [Test worker] INFO org.springframework.test.context.support.AnnotationConfigContextLoaderUtils - Could not detect default configuration classes for test class [architectureSoftware.InfoUniSubServiceApplicationTests]: InfoUniSubServiceApplicationTests does not declare any static, non-private, non-final, nested classes annotated with @Configuration.
10:59:25.466 [Test worker] DEBUG org.springframework.test.context.support.ActiveProfilesUtils - Could not find an 'annotation declaring class' for annotation type [org.springframework.test.context.ActiveProfiles] and class [architectureSoftware.InfoUniSubServiceApplicationTests]
10:59:25.472 [Test worker] DEBUG org.springframework.core.env.StandardEnvironment - Adding [systemProperties] PropertySource with lowest search precedence
10:59:25.472 [Test worker] DEBUG org.springframework.core.env.StandardEnvironment - Adding [systemEnvironment] PropertySource with lowest search precedence
10:59:25.473 [Test worker] DEBUG org.springframework.core.env.StandardEnvironment - Initialized StandardEnvironment with PropertySources [systemProperties,systemEnvironment]
10:59:25.481 [Test worker] DEBUG org.springframework.core.io.support.PathMatchingResourcePatternResolver - Resolved classpath location [architectureSoftware/] to resources [URL [file:/Users/valerio/Desktop/rilascio/Software%20Architecture's%20Project/CourseService/build/classes/test/architectureSoftware/], URL [file:/Users/valerio/Desktop/rilascio/Software%20Architecture's%20Project/CourseService/build/classes/main/architectureSoftware/]]
10:59:25.482 [Test worker] DEBUG org.springframework.core.io.support.PathMatchingResourcePatternResolver - Looking for matching resources in directory tree [/Users/valerio/Desktop/rilascio/Software Architecture's Project/CourseService/build/classes/test/architectureSoftware]
10:59:25.482 [Test worker] DEBUG org.springframework.core.io.support.PathMatchingResourcePatternResolver - Searching directory [/Users/valerio/Desktop/rilascio/Software Architecture's Project/CourseService/build/classes/test/architectureSoftware] for files matching pattern [/Users/valerio/Desktop/rilascio/Software Architecture's Project/CourseService/build/classes/test/architectureSoftware/*.class]
10:59:25.488 [Test worker] DEBUG org.springframework.core.io.support.PathMatchingResourcePatternResolver - Looking for matching resources in directory tree [/Users/valerio/Desktop/rilascio/Software Architecture's Project/CourseService/build/classes/main/architectureSoftware]
10:59:25.488 [Test worker] DEBUG org.springframework.core.io.support.PathMatchingResourcePatternResolver - Searching directory [/Users/valerio/Desktop/rilascio/Software Architecture's Project/CourseService/build/classes/main/architectureSoftware] for files matching pattern [/Users/valerio/Desktop/rilascio/Software Architecture's Project/CourseService/build/classes/main/architectureSoftware/*.class]
10:59:25.489 [Test worker] DEBUG org.springframework.core.io.support.PathMatchingResourcePatternResolver - Resolved location pattern [classpath*:architectureSoftware/*.class] to resources [file [/Users/valerio/Desktop/rilascio/Software Architecture's Project/CourseService/build/classes/test/architectureSoftware/InfoUniSubServiceApplicationTests.class], file [/Users/valerio/Desktop/rilascio/Software Architecture's Project/CourseService/build/classes/main/architectureSoftware/CourseServiceApplication.class], file [/Users/valerio/Desktop/rilascio/Software Architecture's Project/CourseService/build/classes/main/architectureSoftware/CourseServiceController.class]]
10:59:25.540 [Test worker] DEBUG org.springframework.context.annotation.ClassPathScanningCandidateComponentProvider - Identified candidate component class: file [/Users/valerio/Desktop/rilascio/Software Architecture's Project/CourseService/build/classes/main/architectureSoftware/CourseServiceApplication.class]
10:59:25.551 [Test worker] INFO org.springframework.boot.test.context.SpringBootTestContextBootstrapper - Found @SpringBootConfiguration architectureSoftware.CourseServiceApplication for test class architectureSoftware.InfoUniSubServiceApplicationTests
10:59:25.556 [Test worker] DEBUG org.springframework.boot.test.context.SpringBootTestContextBootstrapper - @TestExecutionListeners is not present for class [architectureSoftware.InfoUniSubServiceApplicationTests]: using defaults.
10:59:25.568 [Test worker] INFO org.springframework.boot.test.context.SpringBootTestContextBootstrapper - Loaded default TestExecutionListener class names from location [META-INF/spring.factories]: [org.springframework.boot.test.mock.mockito.MockitoTestExecutionListener, org.springframework.boot.test.mock.mockito.ResetMocksTestExecutionListener, org.springframework.boot.test.autoconfigure.restdocs.RestDocsTestExecutionListener, org.springframework.boot.test.autoconfigure.web.client.MockRestServiceServerResetTestExecutionListener, org.springframework.boot.test.autoconfigure.web.servlet.MockMvcPrintOnlyOnFailureTestExecutionListener, org.springframework.boot.test.autoconfigure.web.servlet.WebDriverTestExecutionListener, org.springframework.test.context.web.ServletTestExecutionListener, org.springframework.test.context.support.DirtiesContextBeforeModesTestExecutionListener, org.springframework.test.context.support.DependencyInjectionTestExecutionListener, org.springframework.test.context.support.DirtiesContextTestExecutionListener, org.springframework.test.context.transaction.TransactionalTestExecutionListener, org.springframework.test.context.jdbc.SqlScriptsTestExecutionListener]
10:59:25.581 [Test worker] INFO org.springframework.boot.test.context.SpringBootTestContextBootstrapper - Could not instantiate TestExecutionListener [org.springframework.test.context.transaction.TransactionalTestExecutionListener]. Specify custom listener classes or make the default listener classes (and their required dependencies) available. Offending class: [org/springframework/transaction/interceptor/TransactionAttributeSource]
10:59:25.583 [Test worker] INFO org.springframework.boot.test.context.SpringBootTestContextBootstrapper - Could not instantiate TestExecutionListener [org.springframework.test.context.jdbc.SqlScriptsTestExecutionListener]. Specify custom listener classes or make the default listener classes (and their required dependencies) available. Offending class: [org/springframework/transaction/interceptor/TransactionAttribute]
10:59:25.584 [Test worker] INFO org.springframework.boot.test.context.SpringBootTestContextBootstrapper - Using TestExecutionListeners: [org.springframework.test.context.web.ServletTestExecutionListener@118e1a7b, org.springframework.test.context.support.DirtiesContextBeforeModesTestExecutionListener@e81baef, org.springframework.boot.test.autoconfigure.SpringBootDependencyInjectionTestExecutionListener@6d98860e, org.springframework.test.context.support.DirtiesContextTestExecutionListener@28a29816, org.springframework.boot.test.mock.mockito.MockitoTestExecutionListener@491e02bb, org.springframework.boot.test.autoconfigure.web.servlet.MockMvcPrintOnlyOnFailureTestExecutionListener@4acb8fb5, org.springframework.boot.test.autoconfigure.web.client.MockRestServiceServerResetTestExecutionListener@634ad814, org.springframework.boot.test.autoconfigure.web.servlet.WebDriverTestExecutionListener@5f149e43, org.springframework.boot.test.mock.mockito.ResetMocksTestExecutionListener@662644c0, org.springframework.boot.test.autoconfigure.restdocs.RestDocsTestExecutionListener@7086d996]
10:59:25.589 [Test worker] DEBUG org.springframework.test.annotation.ProfileValueUtils - Retrieved @ProfileValueSourceConfiguration [null] for test class [architectureSoftware.InfoUniSubServiceApplicationTests]
10:59:25.590 [Test worker] DEBUG org.springframework.test.annotation.ProfileValueUtils - Retrieved ProfileValueSource type [class org.springframework.test.annotation.SystemProfileValueSource] for class [architectureSoftware.InfoUniSubServiceApplicationTests]
10:59:25.591 [Test worker] DEBUG org.springframework.test.annotation.ProfileValueUtils - Retrieved @ProfileValueSourceConfiguration [null] for test class [architectureSoftware.InfoUniSubServiceApplicationTests]
10:59:25.592 [Test worker] DEBUG org.springframework.test.annotation.ProfileValueUtils - Retrieved ProfileValueSource type [class org.springframework.test.annotation.SystemProfileValueSource] for class [architectureSoftware.InfoUniSubServiceApplicationTests]
10:59:25.599 [Test worker] DEBUG org.springframework.test.context.support.AbstractDirtiesContextTestExecutionListener - Before test class: context [DefaultTestContext@e12b4da testClass = InfoUniSubServiceApplicationTests, testInstance = [null], testMethod = [null], testException = [null], mergedContextConfiguration = [WebMergedContextConfiguration@6fed0eaa testClass = InfoUniSubServiceApplicationTests, locations = '{}', classes = '{class architectureSoftware.CourseServiceApplication}', contextInitializerClasses = '[]', activeProfiles = '{}', propertySourceLocations = '{}', propertySourceProperties = '{org.springframework.boot.test.context.SpringBootTestContextBootstrapper=true}', contextCustomizers = set[org.springframework.boot.test.context.SpringBootTestContextCustomizer@66a12dda, org.springframework.boot.test.context.filter.ExcludeFilterContextCustomizer@1d47ad3e, org.springframework.boot.test.json.DuplicateJsonObjectContextCustomizerFactory$DuplicateJsonObjectContextCustomizer@2d1f4646, org.springframework.boot.test.mock.mockito.MockitoContextCustomizer@0, org.springframework.boot.test.autoconfigure.properties.PropertyMappingContextCustomizer@0, org.springframework.boot.test.autoconfigure.web.servlet.WebDriverContextCustomizerFactory$Customizer@dd9beda], resourceBasePath = 'src/main/webapp', contextLoader = 'org.springframework.boot.test.context.SpringBootContextLoader', parent = [null]]], class annotated with @DirtiesContext [false] with mode [null].
10:59:25.599 [Test worker] DEBUG org.springframework.test.annotation.ProfileValueUtils - Retrieved @ProfileValueSourceConfiguration [null] for test class [architectureSoftware.InfoUniSubServiceApplicationTests]
10:59:25.600 [Test worker] DEBUG org.springframework.test.annotation.ProfileValueUtils - Retrieved ProfileValueSource type [class org.springframework.test.annotation.SystemProfileValueSource] for class [architectureSoftware.InfoUniSubServiceApplicationTests]
10:59:25.696 [Test worker] DEBUG org.springframework.core.env.StandardEnvironment - Adding [systemProperties] PropertySource with lowest search precedence
10:59:25.696 [Test worker] DEBUG org.springframework.core.env.StandardEnvironment - Adding [systemEnvironment] PropertySource with lowest search precedence
10:59:25.697 [Test worker] DEBUG org.springframework.core.env.StandardEnvironment - Initialized StandardEnvironment with PropertySources [systemProperties,systemEnvironment]
10:59:25.698 [Test worker] DEBUG org.springframework.core.env.MutablePropertySources - Adding [inline] PropertySource with highest search precedence
10:59:25.703 [Test worker] DEBUG org.springframework.test.context.support.TestPropertySourceUtils - Adding inlined properties to environment: {spring.jmx.enabled=false, org.springframework.boot.test.context.SpringBootTestContextBootstrapper=true, server.port=-1}
10:59:25.704 [Test worker] DEBUG org.springframework.core.env.StandardEnvironment - Adding [Inlined Test Properties] PropertySource with highest search precedence
2017-06-22 10:59:31.223  INFO 4579 --- [    Test worker] s.c.a.AnnotationConfigApplicationContext : Refreshing org.springframework.context.annotation.AnnotationConfigApplicationContext@2c836a80: startup date [Thu Jun 22 10:59:31 CEST 2017]; root of context hierarchy
2017-06-22 10:59:32.012  INFO 4579 --- [    Test worker] f.a.AutowiredAnnotationBeanPostProcessor : JSR-330 'javax.inject.Inject' annotation found and supported for autowiring
2017-06-22 10:59:32.089  INFO 4579 --- [    Test worker] trationDelegate$BeanPostProcessorChecker : Bean 'configurationPropertiesRebinderAutoConfiguration' of type [org.springframework.cloud.autoconfigure.ConfigurationPropertiesRebinderAutoConfiguration$$EnhancerBySpringCGLIB$$177a9d2f] is not eligible for getting processed by all BeanPostProcessors (for example: not eligible for auto-proxying)

  .   ____          _            __ _ _
 /\\ / ___'_ __ _ _(_)_ __  __ _ \ \ \ \
( ( )\___ | '_ | '_| | '_ \/ _` | \ \ \ \
 \\/  ___)| |_)| | | | | || (_| |  ) ) ) )
  '  |____| .__|_| |_|_| |_\__, | / / / /
 =========|_|==============|___/=/_/_/_/
 :: Spring Boot ::        (v1.5.4.RELEASE)

2017-06-22 10:59:38.049  INFO 4579 --- [    Test worker] a.InfoUniSubServiceApplicationTests      : No active profile set, falling back to default profiles: default
2017-06-22 10:59:38.056  INFO 4579 --- [    Test worker] o.s.w.c.s.GenericWebApplicationContext   : Refreshing org.springframework.web.context.support.GenericWebApplicationContext@168e5d9b: startup date [Thu Jun 22 10:59:38 CEST 2017]; parent: org.springframework.context.annotation.AnnotationConfigApplicationContext@2c836a80
2017-06-22 10:59:38.951  INFO 4579 --- [    Test worker] o.s.cloud.context.scope.GenericScope     : BeanFactory id=a52b378e-3fca-315a-86f4-8c4c5dfd03a4
2017-06-22 10:59:39.017  INFO 4579 --- [    Test worker] f.a.AutowiredAnnotationBeanPostProcessor : JSR-330 'javax.inject.Inject' annotation found and supported for autowiring
2017-06-22 10:59:39.100  INFO 4579 --- [    Test worker] trationDelegate$BeanPostProcessorChecker : Bean 'org.springframework.cloud.autoconfigure.ConfigurationPropertiesRebinderAutoConfiguration' of type [org.springframework.cloud.autoconfigure.ConfigurationPropertiesRebinderAutoConfiguration$$EnhancerBySpringCGLIB$$177a9d2f] is not eligible for getting processed by all BeanPostProcessors (for example: not eligible for auto-proxying)
2017-06-22 10:59:40.168  INFO 4579 --- [    Test worker] s.w.s.m.m.a.RequestMappingHandlerAdapter : Looking for @ControllerAdvice: org.springframework.web.context.support.GenericWebApplicationContext@168e5d9b: startup date [Thu Jun 22 10:59:38 CEST 2017]; parent: org.springframework.context.annotation.AnnotationConfigApplicationContext@2c836a80
2017-06-22 10:59:40.389  INFO 4579 --- [    Test worker] s.w.s.m.m.a.RequestMappingHandlerMapping : Mapped "{[/{university}/{faculty}]}" onto public java.lang.String architectureSoftware.CourseServiceController.getFacultyInfo(java.lang.String,java.lang.String)
2017-06-22 10:59:40.391  INFO 4579 --- [    Test worker] s.w.s.m.m.a.RequestMappingHandlerMapping : Mapped "{[/{university}/{faculty}/{course}]}" onto public java.lang.String architectureSoftware.CourseServiceController.getCourseInfo(java.lang.String,java.lang.String,java.lang.String)
2017-06-22 10:59:40.393  INFO 4579 --- [    Test worker] s.w.s.m.m.a.RequestMappingHandlerMapping : Mapped "{[/error]}" onto public org.springframework.http.ResponseEntity<java.util.Map<java.lang.String, java.lang.Object>> org.springframework.boot.autoconfigure.web.BasicErrorController.error(javax.servlet.http.HttpServletRequest)
2017-06-22 10:59:40.397  INFO 4579 --- [    Test worker] s.w.s.m.m.a.RequestMappingHandlerMapping : Mapped "{[/error],produces=[text/html]}" onto public org.springframework.web.servlet.ModelAndView org.springframework.boot.autoconfigure.web.BasicErrorController.errorHtml(javax.servlet.http.HttpServletRequest,javax.servlet.http.HttpServletResponse)
2017-06-22 10:59:40.476  INFO 4579 --- [    Test worker] o.s.w.s.handler.SimpleUrlHandlerMapping  : Mapped URL path [/webjars/**] onto handler of type [class org.springframework.web.servlet.resource.ResourceHttpRequestHandler]
2017-06-22 10:59:40.476  INFO 4579 --- [    Test worker] o.s.w.s.handler.SimpleUrlHandlerMapping  : Mapped URL path [/**] onto handler of type [class org.springframework.web.servlet.resource.ResourceHttpRequestHandler]
2017-06-22 10:59:40.656  INFO 4579 --- [    Test worker] o.s.w.s.handler.SimpleUrlHandlerMapping  : Mapped URL path [/**/favicon.ico] onto handler of type [class org.springframework.web.servlet.resource.ResourceHttpRequestHandler]
2017-06-22 10:59:41.609  WARN 4579 --- [    Test worker] c.n.c.sources.URLConfigurationSource     : No URLs will be polled as dynamic configuration sources.
2017-06-22 10:59:41.609  INFO 4579 --- [    Test worker] c.n.c.sources.URLConfigurationSource     : To enable URLs as dynamic configuration sources, define System property archaius.configurationSource.additionalUrls or make config.properties available on classpath.
2017-06-22 10:59:41.669  WARN 4579 --- [    Test worker] c.n.c.sources.URLConfigurationSource     : No URLs will be polled as dynamic configuration sources.
2017-06-22 10:59:41.699  INFO 4579 --- [    Test worker] c.n.c.sources.URLConfigurationSource     : To enable URLs as dynamic configuration sources, define System property archaius.configurationSource.additionalUrls or make config.properties available on classpath.
2017-06-22 10:59:42.235  INFO 4579 --- [    Test worker] o.s.c.support.DefaultLifecycleProcessor  : Starting beans in phase 0
2017-06-22 10:59:42.266  INFO 4579 --- [    Test worker] a.InfoUniSubServiceApplicationTests      : Started InfoUniSubServiceApplicationTests in 16.551 seconds (JVM running for 17.72)
]]></system-out>
  <system-err><![CDATA[]]></system-err>
</testsuite>
