<?xml version="1.0" encoding="UTF-8"?>
<testsuite name="architettureSoftware.InfoUniService.InfoUniServiceApplicationTests" tests="1" skipped="1" failures="0" errors="0" timestamp="2017-06-22T08:59:53" hostname="MacBook-Pro-di-valerio.local" time="0.0">
  <properties/>
  <testcase name="initializationError" classname="architettureSoftware.InfoUniService.InfoUniServiceApplicationTests" time="0.0">
    <skipped/>
  </testcase>
  <system-out><![CDATA[10:59:53.052 [Test worker] DEBUG org.springframework.test.context.junit4.SpringJUnit4ClassRunner - SpringJUnit4ClassRunner constructor called with [class architettureSoftware.InfoUniService.InfoUniServiceApplicationTests]
10:59:53.058 [Test worker] DEBUG org.springframework.test.context.BootstrapUtils - Instantiating CacheAwareContextLoaderDelegate from class [org.springframework.test.context.cache.DefaultCacheAwareContextLoaderDelegate]
10:59:53.078 [Test worker] DEBUG org.springframework.test.context.BootstrapUtils - Instantiating BootstrapContext using constructor [public org.springframework.test.context.support.DefaultBootstrapContext(java.lang.Class,org.springframework.test.context.CacheAwareContextLoaderDelegate)]
10:59:53.117 [Test worker] DEBUG org.springframework.test.context.BootstrapUtils - Instantiating TestContextBootstrapper for test class [architettureSoftware.InfoUniService.InfoUniServiceApplicationTests] from class [org.springframework.boot.test.context.SpringBootTestContextBootstrapper]
10:59:53.157 [Test worker] INFO org.springframework.boot.test.context.SpringBootTestContextBootstrapper - Neither @ContextConfiguration nor @ContextHierarchy found for test class [architettureSoftware.InfoUniService.InfoUniServiceApplicationTests], using SpringBootContextLoader
10:59:53.166 [Test worker] DEBUG org.springframework.test.context.support.AbstractContextLoader - Did not detect default resource location for test class [architettureSoftware.InfoUniService.InfoUniServiceApplicationTests]: class path resource [architettureSoftware/InfoUniService/InfoUniServiceApplicationTests-context.xml] does not exist
10:59:53.167 [Test worker] DEBUG org.springframework.test.context.support.AbstractContextLoader - Did not detect default resource location for test class [architettureSoftware.InfoUniService.InfoUniServiceApplicationTests]: class path resource [architettureSoftware/InfoUniService/InfoUniServiceApplicationTestsContext.groovy] does not exist
10:59:53.167 [Test worker] INFO org.springframework.test.context.support.AbstractContextLoader - Could not detect default resource locations for test class [architettureSoftware.InfoUniService.InfoUniServiceApplicationTests]: no resource found for suffixes {-context.xml, Context.groovy}.
10:59:53.171 [Test worker] INFO org.springframework.test.context.support.AnnotationConfigContextLoaderUtils - Could not detect default configuration classes for test class [architettureSoftware.InfoUniService.InfoUniServiceApplicationTests]: InfoUniServiceApplicationTests does not declare any static, non-private, non-final, nested classes annotated with @Configuration.
10:59:53.240 [Test worker] DEBUG org.springframework.test.context.support.ActiveProfilesUtils - Could not find an 'annotation declaring class' for annotation type [org.springframework.test.context.ActiveProfiles] and class [architettureSoftware.InfoUniService.InfoUniServiceApplicationTests]
10:59:53.249 [Test worker] DEBUG org.springframework.core.env.StandardEnvironment - Adding [systemProperties] PropertySource with lowest search precedence
10:59:53.249 [Test worker] DEBUG org.springframework.core.env.StandardEnvironment - Adding [systemEnvironment] PropertySource with lowest search precedence
10:59:53.250 [Test worker] DEBUG org.springframework.core.env.StandardEnvironment - Initialized StandardEnvironment with PropertySources [systemProperties,systemEnvironment]
10:59:53.272 [Test worker] DEBUG org.springframework.core.io.support.PathMatchingResourcePatternResolver - Resolved classpath location [architettureSoftware/InfoUniService/] to resources [URL [file:/Users/valerio/Desktop/rilascio/Software%20Architecture's%20Project/InfoUniService/build/classes/test/architettureSoftware/InfoUniService/]]
10:59:53.273 [Test worker] DEBUG org.springframework.core.io.support.PathMatchingResourcePatternResolver - Looking for matching resources in directory tree [/Users/valerio/Desktop/rilascio/Software Architecture's Project/InfoUniService/build/classes/test/architettureSoftware/InfoUniService]
10:59:53.273 [Test worker] DEBUG org.springframework.core.io.support.PathMatchingResourcePatternResolver - Searching directory [/Users/valerio/Desktop/rilascio/Software Architecture's Project/InfoUniService/build/classes/test/architettureSoftware/InfoUniService] for files matching pattern [/Users/valerio/Desktop/rilascio/Software Architecture's Project/InfoUniService/build/classes/test/architettureSoftware/InfoUniService/*.class]
10:59:53.278 [Test worker] DEBUG org.springframework.core.io.support.PathMatchingResourcePatternResolver - Resolved location pattern [classpath*:architettureSoftware/InfoUniService/*.class] to resources [file [/Users/valerio/Desktop/rilascio/Software Architecture's Project/InfoUniService/build/classes/test/architettureSoftware/InfoUniService/InfoUniServiceApplicationTests.class]]
10:59:53.299 [Test worker] DEBUG org.springframework.core.io.support.PathMatchingResourcePatternResolver - Resolved classpath location [architettureSoftware/] to resources [URL [file:/Users/valerio/Desktop/rilascio/Software%20Architecture's%20Project/InfoUniService/build/classes/test/architettureSoftware/]]
10:59:53.300 [Test worker] DEBUG org.springframework.core.io.support.PathMatchingResourcePatternResolver - Looking for matching resources in directory tree [/Users/valerio/Desktop/rilascio/Software Architecture's Project/InfoUniService/build/classes/test/architettureSoftware]
10:59:53.300 [Test worker] DEBUG org.springframework.core.io.support.PathMatchingResourcePatternResolver - Searching directory [/Users/valerio/Desktop/rilascio/Software Architecture's Project/InfoUniService/build/classes/test/architettureSoftware] for files matching pattern [/Users/valerio/Desktop/rilascio/Software Architecture's Project/InfoUniService/build/classes/test/architettureSoftware/*.class]
10:59:53.302 [Test worker] DEBUG org.springframework.core.io.support.PathMatchingResourcePatternResolver - Resolved location pattern [classpath*:architettureSoftware/*.class] to resources []
]]></system-out>
  <system-err><![CDATA[]]></system-err>
</testsuite>
