<?xml version="1.0" encoding="UTF-8"?>
<testsuite name="architectureSoftware.FacultyServiceApplicationTests" tests="1" skipped="1" failures="0" errors="0" timestamp="2017-06-22T08:59:20" hostname="MacBook-Pro-di-valerio.local" time="0.0">
  <properties/>
  <testcase name="contextLoads" classname="architectureSoftware.FacultyServiceApplicationTests" time="0.0">
    <skipped/>
  </testcase>
  <system-out><![CDATA[10:59:19.886 [Test worker] DEBUG org.springframework.test.context.junit4.SpringJUnit4ClassRunner - SpringJUnit4ClassRunner constructor called with [class architectureSoftware.FacultyServiceApplicationTests]
10:59:19.892 [Test worker] DEBUG org.springframework.test.context.BootstrapUtils - Instantiating CacheAwareContextLoaderDelegate from class [org.springframework.test.context.cache.DefaultCacheAwareContextLoaderDelegate]
10:59:19.899 [Test worker] DEBUG org.springframework.test.context.BootstrapUtils - Instantiating BootstrapContext using constructor [public org.springframework.test.context.support.DefaultBootstrapContext(java.lang.Class,org.springframework.test.context.CacheAwareContextLoaderDelegate)]
10:59:19.922 [Test worker] DEBUG org.springframework.test.context.BootstrapUtils - Instantiating TestContextBootstrapper for test class [architectureSoftware.FacultyServiceApplicationTests] from class [org.springframework.boot.test.context.SpringBootTestContextBootstrapper]
10:59:19.931 [Test worker] INFO org.springframework.boot.test.context.SpringBootTestContextBootstrapper - Neither @ContextConfiguration nor @ContextHierarchy found for test class [architectureSoftware.FacultyServiceApplicationTests], using SpringBootContextLoader
10:59:19.934 [Test worker] DEBUG org.springframework.test.context.support.AbstractContextLoader - Did not detect default resource location for test class [architectureSoftware.FacultyServiceApplicationTests]: class path resource [architectureSoftware/FacultyServiceApplicationTests-context.xml] does not exist
10:59:19.934 [Test worker] DEBUG org.springframework.test.context.support.AbstractContextLoader - Did not detect default resource location for test class [architectureSoftware.FacultyServiceApplicationTests]: class path resource [architectureSoftware/FacultyServiceApplicationTestsContext.groovy] does not exist
10:59:19.935 [Test worker] INFO org.springframework.test.context.support.AbstractContextLoader - Could not detect default resource locations for test class [architectureSoftware.FacultyServiceApplicationTests]: no resource found for suffixes {-context.xml, Context.groovy}.
10:59:19.935 [Test worker] INFO org.springframework.test.context.support.AnnotationConfigContextLoaderUtils - Could not detect default configuration classes for test class [architectureSoftware.FacultyServiceApplicationTests]: FacultyServiceApplicationTests does not declare any static, non-private, non-final, nested classes annotated with @Configuration.
10:59:19.967 [Test worker] DEBUG org.springframework.test.context.support.ActiveProfilesUtils - Could not find an 'annotation declaring class' for annotation type [org.springframework.test.context.ActiveProfiles] and class [architectureSoftware.FacultyServiceApplicationTests]
10:59:19.973 [Test worker] DEBUG org.springframework.core.env.StandardEnvironment - Adding [systemProperties] PropertySource with lowest search precedence
10:59:19.974 [Test worker] DEBUG org.springframework.core.env.StandardEnvironment - Adding [systemEnvironment] PropertySource with lowest search precedence
10:59:19.974 [Test worker] DEBUG org.springframework.core.env.StandardEnvironment - Initialized StandardEnvironment with PropertySources [systemProperties,systemEnvironment]
10:59:19.982 [Test worker] DEBUG org.springframework.core.io.support.PathMatchingResourcePatternResolver - Resolved classpath location [architectureSoftware/] to resources [URL [file:/Users/valerio/Desktop/rilascio/Software%20Architecture's%20Project/FacultyService/build/classes/test/architectureSoftware/], URL [file:/Users/valerio/Desktop/rilascio/Software%20Architecture's%20Project/FacultyService/build/classes/main/architectureSoftware/]]
10:59:19.982 [Test worker] DEBUG org.springframework.core.io.support.PathMatchingResourcePatternResolver - Looking for matching resources in directory tree [/Users/valerio/Desktop/rilascio/Software Architecture's Project/FacultyService/build/classes/test/architectureSoftware]
10:59:19.983 [Test worker] DEBUG org.springframework.core.io.support.PathMatchingResourcePatternResolver - Searching directory [/Users/valerio/Desktop/rilascio/Software Architecture's Project/FacultyService/build/classes/test/architectureSoftware] for files matching pattern [/Users/valerio/Desktop/rilascio/Software Architecture's Project/FacultyService/build/classes/test/architectureSoftware/*.class]
10:59:19.988 [Test worker] DEBUG org.springframework.core.io.support.PathMatchingResourcePatternResolver - Looking for matching resources in directory tree [/Users/valerio/Desktop/rilascio/Software Architecture's Project/FacultyService/build/classes/main/architectureSoftware]
10:59:19.988 [Test worker] DEBUG org.springframework.core.io.support.PathMatchingResourcePatternResolver - Searching directory [/Users/valerio/Desktop/rilascio/Software Architecture's Project/FacultyService/build/classes/main/architectureSoftware] for files matching pattern [/Users/valerio/Desktop/rilascio/Software Architecture's Project/FacultyService/build/classes/main/architectureSoftware/*.class]
10:59:19.989 [Test worker] DEBUG org.springframework.core.io.support.PathMatchingResourcePatternResolver - Resolved location pattern [classpath*:architectureSoftware/*.class] to resources [file [/Users/valerio/Desktop/rilascio/Software Architecture's Project/FacultyService/build/classes/test/architectureSoftware/FacultyServiceApplicationTests.class], file [/Users/valerio/Desktop/rilascio/Software Architecture's Project/FacultyService/build/classes/main/architectureSoftware/FacultyServiceApplication.class], file [/Users/valerio/Desktop/rilascio/Software Architecture's Project/FacultyService/build/classes/main/architectureSoftware/FacultyServiceController.class]]
10:59:20.030 [Test worker] DEBUG org.springframework.context.annotation.ClassPathScanningCandidateComponentProvider - Identified candidate component class: file [/Users/valerio/Desktop/rilascio/Software Architecture's Project/FacultyService/build/classes/main/architectureSoftware/FacultyServiceApplication.class]
10:59:20.038 [Test worker] INFO org.springframework.boot.test.context.SpringBootTestContextBootstrapper - Found @SpringBootConfiguration architectureSoftware.FacultyServiceApplication for test class architectureSoftware.FacultyServiceApplicationTests
10:59:20.042 [Test worker] DEBUG org.springframework.boot.test.context.SpringBootTestContextBootstrapper - @TestExecutionListeners is not present for class [architectureSoftware.FacultyServiceApplicationTests]: using defaults.
10:59:20.045 [Test worker] INFO org.springframework.boot.test.context.SpringBootTestContextBootstrapper - Loaded default TestExecutionListener class names from location [META-INF/spring.factories]: [org.springframework.boot.test.mock.mockito.MockitoTestExecutionListener, org.springframework.boot.test.mock.mockito.ResetMocksTestExecutionListener, org.springframework.boot.test.autoconfigure.restdocs.RestDocsTestExecutionListener, org.springframework.boot.test.autoconfigure.web.client.MockRestServiceServerResetTestExecutionListener, org.springframework.boot.test.autoconfigure.web.servlet.MockMvcPrintOnlyOnFailureTestExecutionListener, org.springframework.boot.test.autoconfigure.web.servlet.WebDriverTestExecutionListener, org.springframework.test.context.web.ServletTestExecutionListener, org.springframework.test.context.support.DirtiesContextBeforeModesTestExecutionListener, org.springframework.test.context.support.DependencyInjectionTestExecutionListener, org.springframework.test.context.support.DirtiesContextTestExecutionListener, org.springframework.test.context.transaction.TransactionalTestExecutionListener, org.springframework.test.context.jdbc.SqlScriptsTestExecutionListener]
10:59:20.055 [Test worker] INFO org.springframework.boot.test.context.SpringBootTestContextBootstrapper - Could not instantiate TestExecutionListener [org.springframework.test.context.jdbc.SqlScriptsTestExecutionListener]. Specify custom listener classes or make the default listener classes (and their required dependencies) available. Offending class: [org/springframework/transaction/interceptor/TransactionAttribute]
10:59:20.055 [Test worker] INFO org.springframework.boot.test.context.SpringBootTestContextBootstrapper - Could not instantiate TestExecutionListener [org.springframework.test.context.transaction.TransactionalTestExecutionListener]. Specify custom listener classes or make the default listener classes (and their required dependencies) available. Offending class: [org/springframework/transaction/interceptor/TransactionAttributeSource]
10:59:20.058 [Test worker] INFO org.springframework.boot.test.context.SpringBootTestContextBootstrapper - Using TestExecutionListeners: [org.springframework.test.context.web.ServletTestExecutionListener@5d3e0756, org.springframework.test.context.support.DirtiesContextBeforeModesTestExecutionListener@16a9f26e, org.springframework.boot.test.autoconfigure.SpringBootDependencyInjectionTestExecutionListener@355cee81, org.springframework.test.context.support.DirtiesContextTestExecutionListener@75645a0e, org.springframework.boot.test.autoconfigure.web.servlet.MockMvcPrintOnlyOnFailureTestExecutionListener@584de743, org.springframework.boot.test.mock.mockito.ResetMocksTestExecutionListener@12e54a6, org.springframework.boot.test.autoconfigure.web.servlet.WebDriverTestExecutionListener@53549ae4, org.springframework.boot.test.mock.mockito.MockitoTestExecutionListener@4b70eaa, org.springframework.boot.test.autoconfigure.web.client.MockRestServiceServerResetTestExecutionListener@33f78680, org.springframework.boot.test.autoconfigure.restdocs.RestDocsTestExecutionListener@400f6f3c]
10:59:20.059 [Test worker] DEBUG org.springframework.test.annotation.ProfileValueUtils - Retrieved @ProfileValueSourceConfiguration [null] for test class [architectureSoftware.FacultyServiceApplicationTests]
10:59:20.059 [Test worker] DEBUG org.springframework.test.annotation.ProfileValueUtils - Retrieved ProfileValueSource type [class org.springframework.test.annotation.SystemProfileValueSource] for class [architectureSoftware.FacultyServiceApplicationTests]
]]></system-out>
  <system-err><![CDATA[]]></system-err>
</testsuite>
